<?xml version="1.0" encoding="UTF-8"?>
<!-- Generated by org.testng.reporters.JUnitXMLReporter -->
<testsuite hostname="DESKTOP-5N4OCH5" ignored="0" name="my hubspot test for firefox" tests="5" failures="0" timestamp="15 Jan 2020 04:52:43 GMT" time="0.058" errors="0">
  <testcase name="@BeforeMethod setUpTest" time="0.009" classname="com.MyTests.BaseTest">
    <failure type="java.lang.NullPointerException">
      <![CDATA[java.lang.NullPointerException
at com.MyTests.BaseTest.setUpTest(BaseTest.java:40)
at sun.reflect.NativeMethodAccessorImpl.invoke0(Native Method)
at sun.reflect.NativeMethodAccessorImpl.invoke(NativeMethodAccessorImpl.java:62)
at sun.reflect.DelegatingMethodAccessorImpl.invoke(DelegatingMethodAccessorImpl.java:43)
at java.lang.reflect.Method.invoke(Method.java:498)
at org.testng.internal.MethodInvocationHelper.invokeMethod(MethodInvocationHelper.java:124)
at org.testng.internal.MethodInvocationHelper.invokeMethodConsideringTimeout(MethodInvocationHelper.java:59)
at org.testng.internal.Invoker.invokeConfigurationMethod(Invoker.java:458)
at org.testng.internal.Invoker.invokeConfigurations(Invoker.java:222)
at org.testng.internal.Invoker.invokeMethod(Invoker.java:523)
at org.testng.internal.Invoker.invokeTestMethod(Invoker.java:719)
at org.testng.internal.Invoker.invokeTestMethods(Invoker.java:989)
at org.testng.internal.TestMethodWorker.invokeTestMethods(TestMethodWorker.java:125)
at org.testng.internal.TestMethodWorker.run(TestMethodWorker.java:109)
at java.util.concurrent.ThreadPoolExecutor.runWorker(ThreadPoolExecutor.java:1149)
at java.util.concurrent.ThreadPoolExecutor$Worker.run(ThreadPoolExecutor.java:624)
at java.lang.Thread.run(Thread.java:748)
]]>
    </failure>
  </testcase> <!-- @BeforeMethod setUpTest -->
  <testcase name="@AfterMethod tearDown" time="0.0" classname="com.MyTests.BaseTest">
    <skipped/>
  </testcase> <!-- @AfterMethod tearDown -->
  <testcase name="@BeforeMethod setUpTest" time="0.0" classname="com.MyTests.BaseTest">
    <skipped/>
  </testcase> <!-- @BeforeMethod setUpTest -->
  <testcase name="@AfterMethod tearDown" time="0.0" classname="com.MyTests.BaseTest">
    <skipped/>
  </testcase> <!-- @AfterMethod tearDown -->
  <testcase name="@BeforeMethod setUpTest" time="0.0" classname="com.MyTests.BaseTest">
    <skipped/>
  </testcase> <!-- @BeforeMethod setUpTest -->
  <testcase name="@AfterMethod tearDown" time="0.0" classname="com.MyTests.BaseTest">
    <skipped/>
  </testcase> <!-- @AfterMethod tearDown -->
  <testcase name="@BeforeMethod setUpTest" time="0.0" classname="com.MyTests.BaseTest">
    <skipped/>
  </testcase> <!-- @BeforeMethod setUpTest -->
  <testcase name="@AfterMethod tearDown" time="0.0" classname="com.MyTests.BaseTest">
    <skipped/>
  </testcase> <!-- @AfterMethod tearDown -->
  <testcase name="@BeforeMethod setUpTest" time="0.0" classname="com.MyTests.BaseTest">
    <skipped/>
  </testcase> <!-- @BeforeMethod setUpTest -->
  <testcase name="@AfterMethod tearDown" time="0.0" classname="com.MyTests.BaseTest">
    <skipped/>
  </testcase> <!-- @AfterMethod tearDown -->
  <testcase name="verifyLoginPageTitleTest" time="0.0" classname="com.MyTests.LoginPageTest">
    <skipped/>
  </testcase> <!-- verifyLoginPageTitleTest -->
  <testcase name="verifyLoginPageHeaderTest" time="0.0" classname="com.MyTests.LoginPageTest">
    <skipped/>
  </testcase> <!-- verifyLoginPageHeaderTest -->
  <testcase name="verifyDoLogin" time="0.0" classname="com.MyTests.LoginPageTest">
    <skipped/>
  </testcase> <!-- verifyDoLogin -->
  <testcase name="verifyDoLogin2" time="0.0" classname="com.MyTests.LoginPageTest">
    <skipped/>
  </testcase> <!-- verifyDoLogin2 -->
  <testcase name="verifyDoLogin3" time="0.0" classname="com.MyTests.LoginPageTest">
    <skipped/>
  </testcase> <!-- verifyDoLogin3 -->
</testsuite> <!-- my hubspot test for firefox -->
