<?xml version="1.0" encoding="UTF-8"?>
<!-- Generated by org.testng.reporters.JUnitXMLReporter -->
<testsuite hostname="DESKTOP-5N4OCH5" ignored="3" name="DisplayDetails" tests="1" failures="0" timestamp="13 Jan 2020 19:46:50 GMT" time="12.7" errors="0">
  <testcase name="verifyDoLogin2" time="0.211" classname="com.MyTests.LoginPageTest"/>
  <testcase name="verifyLoginPageTitleTest" time="0.0" classname="com.MyTests.LoginPageTest">
    <ignored/>
  </testcase> <!-- verifyLoginPageTitleTest -->
  <testcase name="verifyLoginPageHeaderTest" time="0.0" classname="com.MyTests.LoginPageTest">
    <ignored/>
  </testcase> <!-- verifyLoginPageHeaderTest -->
  <testcase name="verifyDoLogin" time="0.0" classname="com.MyTests.LoginPageTest">
    <ignored/>
  </testcase> <!-- verifyDoLogin -->
</testsuite> <!-- DisplayDetails -->
