<?xml version="1.0" encoding="UTF-8"?>
<testsuite xmlns:xsi="http://www.w3.org/2001/XMLSchema-instance" xsi:noNamespaceSchemaLocation="https://maven.apache.org/surefire/maven-surefire-plugin/xsd/surefire-test-report.xsd" name="TestSuite" time="63.258" tests="5" errors="0" skipped="0" failures="0">
  <properties>
[...]
</properties>
  <testcase name="verifyLoginPageTitleTest" classname="com.MyTests.LoginPageTest" time="0.012"/>
  <testcase name="verifyLoginPageHeaderTest" classname="com.MyTests.LoginPageTest" time="0.052"/>
  <testcase name="verifyDoLogin" classname="com.MyTests.LoginPageTest" time="1.669"/>
  <testcase name="verifyDoLogin2" classname="com.MyTests.LoginPageTest" time="0.251"/>
  <testcase name="verifyDoLogin3" classname="com.MyTests.LoginPageTest" time="0.155"/>
</testsuite>