<?xml version="1.0" encoding="UTF-8"?>
<!-- Generated by org.testng.reporters.JUnitXMLReporter -->
<testsuite hostname="DESKTOP-5N4OCH5" ignored="0" name="DisplayDetails" tests="5" failures="0" timestamp="13 Jan 2020 19:58:21 GMT" time="62.948" errors="0">
  <testcase name="verifyLoginPageTitleTest" time="0.012" classname="com.MyTests.LoginPageTest"/>
  <testcase name="verifyLoginPageHeaderTest" time="0.052" classname="com.MyTests.LoginPageTest"/>
  <testcase name="verifyDoLogin" time="1.669" classname="com.MyTests.LoginPageTest"/>
  <testcase name="verifyDoLogin2" time="0.251" classname="com.MyTests.LoginPageTest"/>
  <testcase name="verifyDoLogin3" time="0.154" classname="com.MyTests.LoginPageTest"/>
</testsuite> <!-- DisplayDetails -->
